2023-03-14 20:06:07,979 [Worker-6: Loading available Gradle versions] INFO  o.e.b.c.i.u.g.PublishedGradleVersions - Gradle version information cache is up-to-date. Trying to read.
2023-03-14 20:07:50,425 [Worker-3: Import Getting Started Content] INFO  o.e.m.c.i.l.LifecycleMappingFactory - Using org.eclipse.m2e.jdt.JarLifecycleMapping lifecycle mapping for MavenProject: com.example.jdbc:jdbctemplate:0.0.1-SNAPSHOT @ C:\Users\RenanKlinsmann\Documents\Uniesp\projetos\jdbc-template\jdbctemplate\pom.xml.
2023-03-14 20:07:54,394 [Worker-3: Import Getting Started Content] INFO  o.e.m.j.i.AbstractJavaProjectConfigurator - Adding source folder /jdbctemplate/src/main/java
2023-03-14 20:07:54,396 [Worker-3: Import Getting Started Content] INFO  o.e.m.j.i.AbstractJavaProjectConfigurator - Adding resource folder /jdbctemplate/src/main/resources
2023-03-14 20:07:54,428 [Worker-3: Import Getting Started Content] INFO  o.e.m.j.i.AbstractJavaProjectConfigurator - Adding resource folder /jdbctemplate/src/main/resources
2023-03-14 20:07:54,457 [Worker-3: Import Getting Started Content] INFO  o.e.m.j.i.AbstractJavaProjectConfigurator - Adding source folder /jdbctemplate/src/test/java
2023-03-14 20:08:00,353 [Worker-3: Import Getting Started Content] INFO  o.e.m.c.i.p.ProjectConfigurationManager - Imported and configured 1 project(s) in 13 sec
2023-03-14 20:08:00,375 [Worker-3: Import Getting Started Content] INFO  o.e.m.c.i.p.ProjectConfigurationManager - Update started
2023-03-14 20:08:01,532 [Worker-3: Import Getting Started Content] INFO  o.e.m.c.i.l.LifecycleMappingFactory - Using org.eclipse.m2e.jdt.JarLifecycleMapping lifecycle mapping for MavenProject: com.example.jdbc:jdbctemplate:0.0.1-SNAPSHOT @ C:\Users\RenanKlinsmann\Documents\Uniesp\projetos\jdbc-template\jdbctemplate\pom.xml.
2023-03-14 20:08:03,070 [Worker-3: Import Getting Started Content] INFO  o.e.m.j.i.AbstractJavaProjectConfigurator - Adding source folder /jdbctemplate/src/main/java
2023-03-14 20:08:03,071 [Worker-3: Import Getting Started Content] INFO  o.e.m.j.i.AbstractJavaProjectConfigurator - Adding resource folder /jdbctemplate/src/main/resources
2023-03-14 20:08:03,073 [Worker-3: Import Getting Started Content] INFO  o.e.m.j.i.AbstractJavaProjectConfigurator - Adding resource folder /jdbctemplate/src/main/resources
2023-03-14 20:08:03,078 [Worker-3: Import Getting Started Content] INFO  o.e.m.j.i.AbstractJavaProjectConfigurator - Adding source folder /jdbctemplate/src/test/java
2023-03-14 20:08:04,591 [Worker-3: Import Getting Started Content] INFO  o.e.m.c.i.p.ProjectConfigurationManager - Update completed for 1 poms: local refresh takes 0,00 sec, refresh facades takes 2,00 sec, update config takes 0,00 sec 
2023-03-14 20:08:04,676 [Worker-6: Updating Maven Project] INFO  o.e.m.c.i.p.ProjectConfigurationManager - Update started
2023-03-14 20:08:05,211 [Worker-6: Updating Maven Project] INFO  o.e.m.c.i.l.LifecycleMappingFactory - Using org.eclipse.m2e.jdt.JarLifecycleMapping lifecycle mapping for MavenProject: com.example.jdbc:jdbctemplate:0.0.1-SNAPSHOT @ C:\Users\RenanKlinsmann\Documents\Uniesp\projetos\jdbc-template\jdbctemplate\pom.xml.
2023-03-14 20:08:05,956 [Worker-6: Updating Maven Project] INFO  o.e.m.j.i.AbstractJavaProjectConfigurator - Adding source folder /jdbctemplate/src/main/java
2023-03-14 20:08:05,957 [Worker-6: Updating Maven Project] INFO  o.e.m.j.i.AbstractJavaProjectConfigurator - Adding resource folder /jdbctemplate/src/main/resources
2023-03-14 20:08:05,958 [Worker-6: Updating Maven Project] INFO  o.e.m.j.i.AbstractJavaProjectConfigurator - Adding resource folder /jdbctemplate/src/main/resources
2023-03-14 20:08:05,960 [Worker-6: Updating Maven Project] INFO  o.e.m.j.i.AbstractJavaProjectConfigurator - Adding source folder /jdbctemplate/src/test/java
2023-03-14 20:08:06,507 [Worker-6: Updating Maven Project] INFO  o.e.m.c.i.p.ProjectConfigurationManager - Update completed for 1 poms: local refresh takes 0,00 sec, refresh facades takes 1,00 sec, update config takes 0,00 sec 
